<?xml version="1.0" encoding="UTF-8"?>
<testng-results ignored="0" total="1" passed="1" failed="0" skipped="0">
  <reporter-output>
  </reporter-output>
  <suite started-at="2022-11-21T15:41:55 IST" name="Default suite" finished-at="2022-11-21T15:44:13 IST" duration-ms="137593">
    <groups>
    </groups>
    <test started-at="2022-11-21T15:41:55 IST" name="Default test" finished-at="2022-11-21T15:44:13 IST" duration-ms="137593">
      <class name="ltm_testcases.LTM_FreeRDP">
        <test-method is-config="true" signature="bf()[pri:0, instance:ltm_testcases.LTM_FreeRDP@436813f3]" started-at="2022-11-21T15:41:55 IST" name="bf" finished-at="2022-11-21T15:41:55 IST" duration-ms="91" status="PASS">
          <reporter-output>
          </reporter-output>
        </test-method> <!-- bf -->
        <test-method signature="FreeRDP()[pri:0, instance:ltm_testcases.LTM_FreeRDP@436813f3]" started-at="2022-11-21T15:41:55 IST" name="FreeRDP" finished-at="2022-11-21T15:44:13 IST" duration-ms="137563" status="PASS">
          <reporter-output>
          </reporter-output>
        </test-method> <!-- FreeRDP -->
      </class> <!-- ltm_testcases.LTM_FreeRDP -->
    </test> <!-- Default test -->
  </suite> <!-- Default suite -->
</testng-results>
