<?xml version="1.0" encoding="UTF-8"?>
<!-- Generated by org.testng.reporters.JUnitXMLReporter -->
<testsuite ignored="1" hostname="aj-pc" failures="0" tests="2" name="LTMRegister" time="177.004" errors="0" timestamp="2022-10-06T13:28:51 IST">
  <testcase classname="ltm_testcases.LTM_Sendmessage" name="LTM_Send_Message" time="18.116"/>
  <testcase classname="ltm_testcases.LTM_RDPConnection" name="LTMRDPConnection" time="44.118"/>
  <testcase classname="ltm_testcases.LTM_Baseclass" name="@BeforeSuite bf" time="0.0">
    <ignored/>
  </testcase> <!-- @BeforeSuite bf -->
</testsuite> <!-- LTMRegister -->
