<?xml version="1.0" encoding="UTF-8"?>
<!-- Generated by org.testng.reporters.JUnitXMLReporter -->
<testsuite ignored="0" hostname="aj-pc" failures="1" tests="1" name="LTMRegister" time="89.25" errors="0" timestamp="2022-11-09T11:21:42 IST">
  <testcase classname="ltm_testcases.LTM_TCDiscovery" name="TCdiscovery" time="27.824">
    <failure type="java.lang.AssertionError" message="The following asserts failed:
	expected [UDP Broadcast scan is in Process] but found [UDP Broadcast Scan has been activated]">
      <![CDATA[java.lang.AssertionError: The following asserts failed:
expected [UDP Broadcast scan is in Process] but found [UDP Broadcast Scan has been activated]
at ltm_testcases.LTM_TCDiscovery.TCdiscovery(LTM_TCDiscovery.java:97)
at java.base/java.util.ArrayList.forEach(ArrayList.java:1507)
... Removed 29 stack frames]]>
    </failure>
  </testcase> <!-- TCdiscovery -->
</testsuite> <!-- LTMRegister -->
